<?xml version="1.0" encoding="UTF-8"?>
<coverage generated="1679339599">
  <project timestamp="1679339599">
    <file name="/app/src/MTVatFormatValidator.php">
      <class name="rocketfellows\MTVatFormatValidator\MTVatFormatValidator" namespace="global">
        <metrics complexity="1" methods="1" coveredmethods="1" conditionals="0" coveredconditionals="0" statements="1" coveredstatements="1" elements="2" coveredelements="2"/>
      </class>
      <line num="11" type="method" name="isValidFormat" visibility="protected" complexity="1" crap="1" count="19"/>
      <line num="13" type="stmt" count="19"/>
      <metrics loc="16" ncloc="16" classes="1" methods="1" coveredmethods="1" conditionals="0" coveredconditionals="0" statements="1" coveredstatements="1" elements="2" coveredelements="2"/>
    </file>
    <metrics files="1" loc="16" ncloc="16" classes="1" methods="1" coveredmethods="1" conditionals="0" coveredconditionals="0" statements="1" coveredstatements="1" elements="2" coveredelements="2"/>
  </project>
</coverage>
